[debug] [2021-12-15T07:37:49.425Z] ----------------------------------------------------------------------
[debug] [2021-12-15T07:37:49.427Z] Command:       D:\Programs\nodejs\node.exe C:\Users\Sinesh\AppData\Roaming\npm\node_modules\firebase-tools\lib\bin\firebase.js init
[debug] [2021-12-15T07:37:49.427Z] CLI Version:   9.23.1
[debug] [2021-12-15T07:37:49.427Z] Platform:      win32
[debug] [2021-12-15T07:37:49.427Z] Node Version:  v14.17.3
[debug] [2021-12-15T07:37:49.428Z] Time:          Wed Dec 15 2021 13:07:49 GMT+0530 (India Standard Time)
[debug] [2021-12-15T07:37:49.428Z] ----------------------------------------------------------------------
[debug] 
[debug] [2021-12-15T07:37:49.479Z] > command requires scopes: ["email","openid","https://www.googleapis.com/auth/cloudplatformprojects.readonly","https://www.googleapis.com/auth/firebase","https://www.googleapis.com/auth/cloud-platform"]
[debug] [2021-12-15T07:37:49.480Z] > authorizing via signed-in user (sineshkumarr@gmail.com)
[info] 
     ######## #### ########  ######## ########     ###     ######  ########
     ##        ##  ##     ## ##       ##     ##  ##   ##  ##       ##
     ######    ##  ########  ######   ########  #########  ######  ######
     ##        ##  ##    ##  ##       ##     ## ##     ##       ## ##
     ##       #### ##     ## ######## ########  ##     ##  ######  ########

You're about to initialize a Firebase project in this directory:

  D:\Sinesh\Project\Food Website

Before we get started, keep in mind:

  * You are initializing within an existing Firebase project directory

[info] 
=== Project Setup
[info] 
[info] First, let's associate this project directory with a Firebase project.
[info] You can create multiple project aliases by running firebase use --add, 
[info] but for now we'll just set up a default project.
[info] 
[debug] [2021-12-15T07:38:58.560Z] Using project from CLI flag: romo-07
[debug] [2021-12-15T07:38:58.562Z] > refreshing access token with scopes: []
[debug] [2021-12-15T07:38:58.563Z] >>> HTTP REQUEST POST https://www.googleapis.com/oauth2/v3/token  
 <request body omitted>
[debug] [2021-12-15T07:38:59.045Z] <<< HTTP RESPONSE 200 {"date":"Wed, 15 Dec 2021 07:38:57 GMT","expires":"Mon, 01 Jan 1990 00:00:00 GMT","pragma":"no-cache","cache-control":"no-cache, no-store, max-age=0, must-revalidate","content-type":"application/json; charset=utf-8","vary":"X-Origin, Referer, Origin,Accept-Encoding","server":"scaffolding on HTTPServer2","x-xss-protection":"0","x-frame-options":"SAMEORIGIN","x-content-type-options":"nosniff","alt-svc":"h3=\":443\"; ma=2592000,h3-29=\":443\"; ma=2592000,h3-Q050=\":443\"; ma=2592000,h3-Q046=\":443\"; ma=2592000,h3-Q043=\":443\"; ma=2592000,quic=\":443\"; ma=2592000; v=\"46,43\"","accept-ranges":"none","transfer-encoding":"chunked"}
[debug] [2021-12-15T07:38:59.072Z] >>> [apiv2][query] GET https://firebase.googleapis.com/v1beta1/projects/romo-07 [none]
[debug] [2021-12-15T07:38:59.636Z] <<< [apiv2][status] GET https://firebase.googleapis.com/v1beta1/projects/romo-07 200
[debug] [2021-12-15T07:38:59.636Z] <<< [apiv2][body] GET https://firebase.googleapis.com/v1beta1/projects/romo-07 {"projectId":"romo-07","projectNumber":"841991266531","displayName":"ROMO","name":"projects/romo-07","resources":{"hostingSite":"romo-07","realtimeDatabaseInstance":"romo-07-default-rtdb"},"state":"ACTIVE"}
[info] i  Using project romo-07 (ROMO) 
[info] 
=== Hosting Setup
[info] 
[info] Your public directory is the folder (relative to your project directory) that
[info] will contain Hosting assets to be uploaded with firebase deploy. If you
[info] have a build process for your assets, use your build's output directory.
[info] 
[debug] [2021-12-15T07:42:36.182Z] >>> [apiv2][query] GET https://www.gstatic.com/firebasejs/releases.json [none]
[debug] [2021-12-15T07:42:36.502Z] <<< [apiv2][status] GET https://www.gstatic.com/firebasejs/releases.json 200
[debug] [2021-12-15T07:42:36.503Z] <<< [apiv2][body] GET https://www.gstatic.com/firebasejs/releases.json {"current":{"version":"9.6.1","browserURL":"https://www.gstatic.com/firebasejs/9.6.1/firebase.js","packageURL":"https://www.gstatic.com/firebasejs/9.6.1/firebase.tgz"},"live":{"version":"9.6","browserURL":"https://www.gstatic.com/firebasejs/live/9.6/firebase.js","packageURL":"https://www.gstatic.com/firebasejs/live/9.6/firebase.tgz"},"components":{"analytics":"https://www.gstatic.com/firebasejs/9.6.1/firebase-analytics.js","app":"https://www.gstatic.com/firebasejs/9.6.1/firebase-app.js","app-check":"https://www.gstatic.com/firebasejs/9.6.1/firebase-app-check.js","auth":"https://www.gstatic.com/firebasejs/9.6.1/firebase-auth.js","auth/cordova":"https://www.gstatic.com/firebasejs/9.6.1/firebase-auth/cordova.js","auth/react-native":"https://www.gstatic.com/firebasejs/9.6.1/firebase-auth/react-native.js","functions":"https://www.gstatic.com/firebasejs/9.6.1/firebase-functions.js","firestore":"https://www.gstatic.com/firebasejs/9.6.1/firebase-firestore.js","firestore/lite":"https://www.gstatic.com/firebasejs/9.6.1/firebase-firestore/lite.js","storage":"https://www.gstatic.com/firebasejs/9.6.1/firebase-storage.js","performance":"https://www.gstatic.com/firebasejs/9.6.1/firebase-performance.js","remote-config":"https://www.gstatic.com/firebasejs/9.6.1/firebase-remote-config.js","messaging":"https://www.gstatic.com/firebasejs/9.6.1/firebase-messaging.js","messaging/sw":"https://www.gstatic.com/firebasejs/9.6.1/firebase-messaging/sw.js","database":"https://www.gstatic.com/firebasejs/9.6.1/firebase-database.js","firestore.memory":"https://www.gstatic.com/firebasejs/9.6.1/firebase-firestore.memory.js"}}
[info] +  Wrote build/index.html 
[info] 
[info] i  Didn't detect a .git folder. Assuming D:\Sinesh\Project\Food Website is the project root. 
[info] i  Authorizing with GitHub to upload your service account to a GitHub repository's secrets store. 
[info] 
[info] Visit this URL on this device to log in:
[info] https://github.com/login/oauth/authorize?client_id=89cf50f02ac6aaed3484&state=550806475&redirect_uri=http%3A%2F%2Flocalhost%3A9005&scope=read%3Auser%20repo%20public_repo
[info] 
[info] Waiting for authentication...
[debug] [2021-12-15T07:43:04.971Z] >>> HTTP REQUEST POST https://github.com/login/oauth/access_token  
 {"client_id":"89cf50f02ac6aaed3484","client_secret":"3330d14abc895d9a74d5f17cd7a00711fa2c5bf0","code":"942807048a3c72fc17d4","redirect_uri":"http://localhost:9005","state":"550806475"}
[debug] [2021-12-15T07:43:05.644Z] <<< HTTP RESPONSE 200 {"server":"GitHub.com","date":"Wed, 15 Dec 2021 07:43:04 GMT","content-type":"application/json; charset=utf-8","transfer-encoding":"chunked","vary":"X-PJAX, X-PJAX-Container, Accept-Encoding, Accept, X-Requested-With","permissions-policy":"interest-cohort=()","etag":"W/\"a3832261548c351dd543452d6917fa2b\"","cache-control":"max-age=0, private, must-revalidate","strict-transport-security":"max-age=31536000; includeSubdomains; preload","x-frame-options":"deny","x-content-type-options":"nosniff","x-xss-protection":"0","referrer-policy":"origin-when-cross-origin, strict-origin-when-cross-origin","expect-ct":"max-age=2592000, report-uri=\"https://api.github.com/_private/browser/errors\"","content-security-policy":"default-src 'none'; base-uri 'self'; block-all-mixed-content; child-src github.com/assets-cdn/worker/ gist.github.com/assets-cdn/worker/; connect-src 'self' uploads.github.com objects-origin.githubusercontent.com www.githubstatus.com collector.githubapp.com api.github.com github-cloud.s3.amazonaws.com github-production-repository-file-5c1aeb.s3.amazonaws.com github-production-upload-manifest-file-7fdce7.s3.amazonaws.com github-production-user-asset-6210df.s3.amazonaws.com cdn.optimizely.com logx.optimizely.com/v1/events translator.github.com wss://alive.github.com; font-src github.githubassets.com; form-action 'self' github.com gist.github.com objects-origin.githubusercontent.com; frame-ancestors 'none'; frame-src render.githubusercontent.com viewscreen.githubusercontent.com notebooks.githubusercontent.com; img-src 'self' data: github.githubassets.com identicons.github.com collector.githubapp.com github-cloud.s3.amazonaws.com secured-user-images.githubusercontent.com/ *.githubusercontent.com; manifest-src 'self'; media-src github.com user-images.githubusercontent.com/; script-src github.githubassets.com; style-src 'unsafe-inline' github.githubassets.com; worker-src github.com/assets-cdn/worker/ gist.github.com/assets-cdn/worker/","x-github-request-id":"0696:6E30:25EE30:4798AA:61B99C87"}
[debug] [2021-12-15T07:43:05.648Z] >>> [apiv2][query] GET https://api.github.com/user [none]
[debug] [2021-12-15T07:43:06.277Z] <<< [apiv2][status] GET https://api.github.com/user 200
[debug] [2021-12-15T07:43:06.277Z] <<< [apiv2][body] GET https://api.github.com/user {"login":"SineshX","id":48027382,"node_id":"MDQ6VXNlcjQ4MDI3Mzgy","avatar_url":"https://avatars.githubusercontent.com/u/48027382?v=4","gravatar_id":"","url":"https://api.github.com/users/SineshX","html_url":"https://github.com/SineshX","followers_url":"https://api.github.com/users/SineshX/followers","following_url":"https://api.github.com/users/SineshX/following{/other_user}","gists_url":"https://api.github.com/users/SineshX/gists{/gist_id}","starred_url":"https://api.github.com/users/SineshX/starred{/owner}{/repo}","subscriptions_url":"https://api.github.com/users/SineshX/subscriptions","organizations_url":"https://api.github.com/users/SineshX/orgs","repos_url":"https://api.github.com/users/SineshX/repos","events_url":"https://api.github.com/users/SineshX/events{/privacy}","received_events_url":"https://api.github.com/users/SineshX/received_events","type":"User","site_admin":false,"name":null,"company":null,"blog":"https://sineshx.github.io/","location":"India","email":null,"hireable":null,"bio":null,"twitter_username":null,"public_repos":24,"public_gists":0,"followers":5,"following":8,"created_at":"2019-02-26T17:17:22Z","updated_at":"2021-12-15T07:42:52Z","private_gists":0,"total_private_repos":4,"owned_private_repos":4,"disk_usage":25995,"collaborators":0,"two_factor_authentication":false,"plan":{"name":"pro","space":976562499,"collaborators":0,"private_repos":9999}}
[info] 
[info] +  Success! Logged into GitHub as SineshX 
[info] 
